2019-09-27 16:42:01 DEBUG PropertyUtil:74 - property [user.timezone] value [] ignored! It is overriden with System provided value: [US/Pacific]
2019-09-27 16:42:02 DEBUG PropertyUtil:74 - property [user.timezone] value [] ignored! It is overriden with System provided value: [US/Pacific]
2019-09-27 16:42:03 INFO  BaseClass:399 - ********Getting Access Token********
2019-09-27 16:42:03 DEBUG BasicClientConnectionManager:161 - Get connection for route {s}->https://login.salesforce.com:443
2019-09-27 16:42:03 DEBUG DefaultClientConnectionOperator:177 - Connecting to login.salesforce.com:443
2019-09-27 16:42:03 DEBUG RequestAddCookies:123 - CookieSpec selected: default
2019-09-27 16:42:03 DEBUG RequestAuthCache:77 - Auth cache not set in the context
2019-09-27 16:42:03 DEBUG RequestTargetAuthentication:80 - Target auth state: UNCHALLENGED
2019-09-27 16:42:03 DEBUG RequestProxyAuthentication:89 - Proxy auth state: UNCHALLENGED
2019-09-27 16:42:03 DEBUG DefaultHttpClient:677 - Attempt 1 to execute request
2019-09-27 16:42:03 DEBUG DefaultClientConnection:274 - Sending request: POST /services/oauth2/token HTTP/1.1
2019-09-27 16:42:03 DEBUG wire:73 -  >> "POST /services/oauth2/token HTTP/1.1[\r][\n]"
2019-09-27 16:42:03 DEBUG wire:73 -  >> "Content-Type: application/x-www-form-urlencoded[\r][\n]"
2019-09-27 16:42:03 DEBUG wire:73 -  >> "Content-Length: 279[\r][\n]"
2019-09-27 16:42:03 DEBUG wire:73 -  >> "Host: login.salesforce.com[\r][\n]"
2019-09-27 16:42:03 DEBUG wire:73 -  >> "Connection: Keep-Alive[\r][\n]"
2019-09-27 16:42:03 DEBUG wire:73 -  >> "User-Agent: Apache-HttpClient/4.5.10 (Java/1.8.0_221)[\r][\n]"
2019-09-27 16:42:03 DEBUG wire:73 -  >> "[\r][\n]"
2019-09-27 16:42:03 DEBUG headers:278 - >> POST /services/oauth2/token HTTP/1.1
2019-09-27 16:42:03 DEBUG headers:281 - >> Content-Type: application/x-www-form-urlencoded
2019-09-27 16:42:03 DEBUG headers:281 - >> Content-Length: 279
2019-09-27 16:42:03 DEBUG headers:281 - >> Host: login.salesforce.com
2019-09-27 16:42:03 DEBUG headers:281 - >> Connection: Keep-Alive
2019-09-27 16:42:03 DEBUG headers:281 - >> User-Agent: Apache-HttpClient/4.5.10 (Java/1.8.0_221)
2019-09-27 16:42:03 DEBUG wire:87 -  >> "grant_type=password&client_id=3MVG9vtcvGoeH2biiKtqjoyO03b4QPIUIyPloJTbr2mm6IpyEnlgYzxjvazCpGo3P8d6wddKwHUY412Twx3y1&&client_secret=C20C0ECC3DE4CD1A8FEE6BAF3CFD56DFB1AEFF2BB12AD61C9F7D47BE32830832&username=tilak@3qilabs.com&password=3QiSalesForceAutomationLRnxQFKWyVz5CnKs0rb81UVZ"
2019-09-27 16:42:03 DEBUG wire:73 -  << "HTTP/1.1 200 OK[\r][\n]"
2019-09-27 16:42:03 DEBUG wire:73 -  << "Date: Fri, 27 Sep 2019 23:42:03 GMT[\r][\n]"
2019-09-27 16:42:03 DEBUG wire:73 -  << "Strict-Transport-Security: max-age=31536000; includeSubDomains[\r][\n]"
2019-09-27 16:42:03 DEBUG wire:73 -  << "Public-Key-Pins-Report-Only: pin-sha256="9n0izTnSRF+W4W4JTq51avSXkWhQB8duS2bxVLfzXsY="; pin-sha256="5kJvNEMw0KjrCAu7eXY5HZdvyCS13BbA0VJG1RSP91w="; pin-sha256="njN4rRG+22dNXAi+yb8e3UMypgzPUPHlv4+foULwl1g="; max-age=86400; includeSubDomains; report-uri="https://a.forcesslreports.com/hpkp-report/nullm";[\r][\n]"
2019-09-27 16:42:03 DEBUG wire:73 -  << "Expect-CT: max-age=86400; report-uri="https://a.forcesslreports.com/Expect-CT-report/nullm";[\r][\n]"
2019-09-27 16:42:03 DEBUG wire:73 -  << "X-Content-Type-Options: nosniff[\r][\n]"
2019-09-27 16:42:03 DEBUG wire:73 -  << "X-XSS-Protection: 1; mode=block[\r][\n]"
2019-09-27 16:42:03 DEBUG wire:73 -  << "Cache-Control: no-cache,must-revalidate,max-age=0,no-store,private[\r][\n]"
2019-09-27 16:42:03 DEBUG wire:73 -  << "Set-Cookie: BrowserId=N6dIFrz_TwGK7rZML949bA;Path=/;Domain=.salesforce.com;Expires=Tue, 26-Nov-2019 23:42:03 GMT;Max-Age=5184000[\r][\n]"
2019-09-27 16:42:03 DEBUG wire:73 -  << "Expires: Thu, 01 Jan 1970 00:00:00 GMT[\r][\n]"
2019-09-27 16:42:03 DEBUG wire:73 -  << "X-ReadOnlyMode: false[\r][\n]"
2019-09-27 16:42:03 DEBUG wire:73 -  << "Content-Type: application/json;charset=UTF-8[\r][\n]"
2019-09-27 16:42:03 DEBUG wire:73 -  << "Vary: Accept-Encoding[\r][\n]"
2019-09-27 16:42:03 DEBUG wire:73 -  << "Transfer-Encoding: chunked[\r][\n]"
2019-09-27 16:42:03 DEBUG wire:73 -  << "[\r][\n]"
2019-09-27 16:42:03 DEBUG DefaultClientConnection:259 - Receiving response: HTTP/1.1 200 OK
2019-09-27 16:42:03 DEBUG headers:262 - << HTTP/1.1 200 OK
2019-09-27 16:42:03 DEBUG headers:265 - << Date: Fri, 27 Sep 2019 23:42:03 GMT
2019-09-27 16:42:03 DEBUG headers:265 - << Strict-Transport-Security: max-age=31536000; includeSubDomains
2019-09-27 16:42:03 DEBUG headers:265 - << Public-Key-Pins-Report-Only: pin-sha256="9n0izTnSRF+W4W4JTq51avSXkWhQB8duS2bxVLfzXsY="; pin-sha256="5kJvNEMw0KjrCAu7eXY5HZdvyCS13BbA0VJG1RSP91w="; pin-sha256="njN4rRG+22dNXAi+yb8e3UMypgzPUPHlv4+foULwl1g="; max-age=86400; includeSubDomains; report-uri="https://a.forcesslreports.com/hpkp-report/nullm";
2019-09-27 16:42:03 DEBUG headers:265 - << Expect-CT: max-age=86400; report-uri="https://a.forcesslreports.com/Expect-CT-report/nullm";
2019-09-27 16:42:03 DEBUG headers:265 - << X-Content-Type-Options: nosniff
2019-09-27 16:42:03 DEBUG headers:265 - << X-XSS-Protection: 1; mode=block
2019-09-27 16:42:03 DEBUG headers:265 - << Cache-Control: no-cache,must-revalidate,max-age=0,no-store,private
2019-09-27 16:42:03 DEBUG headers:265 - << Set-Cookie: BrowserId=N6dIFrz_TwGK7rZML949bA;Path=/;Domain=.salesforce.com;Expires=Tue, 26-Nov-2019 23:42:03 GMT;Max-Age=5184000
2019-09-27 16:42:03 DEBUG headers:265 - << Expires: Thu, 01 Jan 1970 00:00:00 GMT
2019-09-27 16:42:03 DEBUG headers:265 - << X-ReadOnlyMode: false
2019-09-27 16:42:03 DEBUG headers:265 - << Content-Type: application/json;charset=UTF-8
2019-09-27 16:42:03 DEBUG headers:265 - << Vary: Accept-Encoding
2019-09-27 16:42:03 DEBUG headers:265 - << Transfer-Encoding: chunked
2019-09-27 16:42:03 DEBUG ResponseProcessCookies:119 - Cookie accepted [BrowserId="N6dIFrz_TwGK7rZML949bA", version:0, domain:salesforce.com, path:/, expiry:Tue Nov 26 15:42:03 PST 2019]
2019-09-27 16:42:03 DEBUG DefaultHttpClient:504 - Connection can be kept alive indefinitely
2019-09-27 16:42:03 DEBUG wire:73 -  << "16B[\r][\n]"
2019-09-27 16:42:03 DEBUG wire:87 -  << "{"access_token":"00D3i000000vMcj!AQ0AQLDuqhPBUymQ2Uai.WAIcySIcWoQdPCxkRrbru8wOhsmMmcgvcGik8DRs8ew5ci0xwq6afN3yRfRvxzQ00_OUchrAGQO","instance_url":"https://na112.salesforce.com","id":"https://login.salesforce.com/id/00D3i000000vMcjEAE/0053i000002BxkIAAS","token_type":"Bearer","issued_at":"1569627723767","signature":"DNkGyMTASZyJ9x6wS3xfe854AJL122VbNsXNRtWzWTs="}"
2019-09-27 16:42:03 DEBUG wire:73 -  << "[\r][\n]"
2019-09-27 16:42:03 DEBUG wire:73 -  << "0[\r][\n]"
2019-09-27 16:42:03 DEBUG wire:73 -  << "[\r][\n]"
2019-09-27 16:42:03 DEBUG BasicClientConnectionManager:200 - Releasing connection org.apache.http.impl.conn.ManagedClientConnectionImpl@eadb475
2019-09-27 16:42:03 DEBUG BasicClientConnectionManager:225 - Connection can be kept alive indefinitely
2019-09-27 16:42:03 INFO  BaseClass:404 - ********Making HTTP Call********
2019-09-27 16:42:04 DEBUG DefaultClientConnection:180 - Connection 0.0.0.0:49374<->136.147.57.172:443 closed
2019-09-27 16:42:04 DEBUG BasicClientConnectionManager:161 - Get connection for route {s}->https://na112.salesforce.com:443
2019-09-27 16:42:04 DEBUG DefaultClientConnectionOperator:177 - Connecting to na112.salesforce.com:443
2019-09-27 16:42:04 DEBUG RequestAddCookies:123 - CookieSpec selected: ignoreCookies
2019-09-27 16:42:04 DEBUG RequestAuthCache:77 - Auth cache not set in the context
2019-09-27 16:42:04 DEBUG RequestProxyAuthentication:89 - Proxy auth state: UNCHALLENGED
2019-09-27 16:42:04 DEBUG DefaultHttpClient:677 - Attempt 1 to execute request
2019-09-27 16:42:04 DEBUG DefaultClientConnection:274 - Sending request: POST /services/data/v45.0/sobjects/account HTTP/1.1
2019-09-27 16:42:04 DEBUG wire:73 -  >> "POST /services/data/v45.0/sobjects/account HTTP/1.1[\r][\n]"
2019-09-27 16:42:04 DEBUG wire:73 -  >> "Authorization: Bearer 00D3i000000vMcj!AQ0AQLDuqhPBUymQ2Uai.WAIcySIcWoQdPCxkRrbru8wOhsmMmcgvcGik8DRs8ew5ci0xwq6afN3yRfRvxzQ00_OUchrAGQO[\r][\n]"
2019-09-27 16:42:04 DEBUG wire:73 -  >> "Accept: */*[\r][\n]"
2019-09-27 16:42:04 DEBUG wire:73 -  >> "Content-Type: application/json; charset=UTF-8[\r][\n]"
2019-09-27 16:42:04 DEBUG wire:73 -  >> "Content-Length: 184[\r][\n]"
2019-09-27 16:42:04 DEBUG wire:73 -  >> "Host: na112.salesforce.com[\r][\n]"
2019-09-27 16:42:04 DEBUG wire:73 -  >> "Connection: Keep-Alive[\r][\n]"
2019-09-27 16:42:04 DEBUG wire:73 -  >> "User-Agent: Apache-HttpClient/4.5.10 (Java/1.8.0_221)[\r][\n]"
2019-09-27 16:42:04 DEBUG wire:73 -  >> "Accept-Encoding: gzip,deflate[\r][\n]"
2019-09-27 16:42:04 DEBUG wire:73 -  >> "[\r][\n]"
2019-09-27 16:42:04 DEBUG headers:278 - >> POST /services/data/v45.0/sobjects/account HTTP/1.1
2019-09-27 16:42:04 DEBUG headers:281 - >> Authorization: Bearer 00D3i000000vMcj!AQ0AQLDuqhPBUymQ2Uai.WAIcySIcWoQdPCxkRrbru8wOhsmMmcgvcGik8DRs8ew5ci0xwq6afN3yRfRvxzQ00_OUchrAGQO
2019-09-27 16:42:04 DEBUG headers:281 - >> Accept: */*
2019-09-27 16:42:04 DEBUG headers:281 - >> Content-Type: application/json; charset=UTF-8
2019-09-27 16:42:04 DEBUG headers:281 - >> Content-Length: 184
2019-09-27 16:42:04 DEBUG headers:281 - >> Host: na112.salesforce.com
2019-09-27 16:42:04 DEBUG headers:281 - >> Connection: Keep-Alive
2019-09-27 16:42:04 DEBUG headers:281 - >> User-Agent: Apache-HttpClient/4.5.10 (Java/1.8.0_221)
2019-09-27 16:42:04 DEBUG headers:281 - >> Accept-Encoding: gzip,deflate
2019-09-27 16:42:04 DEBUG wire:87 -  >> "{"Name":"account2","ShippingCity":"NewYork","Phone":"8003649894","Fax":"8008231520","AccountNumber":"34327683151","Website":"https://na112.salesforce.com/services/data/v45.0/sobjects"}"
2019-09-27 16:42:04 DEBUG wire:73 -  << "HTTP/1.1 201 Created[\r][\n]"
2019-09-27 16:42:04 DEBUG wire:73 -  << "Date: Fri, 27 Sep 2019 23:42:04 GMT[\r][\n]"
2019-09-27 16:42:04 DEBUG wire:73 -  << "Strict-Transport-Security: max-age=31536000; includeSubDomains[\r][\n]"
2019-09-27 16:42:04 DEBUG wire:73 -  << "Public-Key-Pins-Report-Only: pin-sha256="9n0izTnSRF+W4W4JTq51avSXkWhQB8duS2bxVLfzXsY="; pin-sha256="5kJvNEMw0KjrCAu7eXY5HZdvyCS13BbA0VJG1RSP91w="; pin-sha256="njN4rRG+22dNXAi+yb8e3UMypgzPUPHlv4+foULwl1g="; max-age=86400; includeSubDomains; report-uri="https://a.forcesslreports.com/hpkp-report/nullm";[\r][\n]"
2019-09-27 16:42:04 DEBUG wire:73 -  << "Expect-CT: max-age=86400; report-uri="https://a.forcesslreports.com/Expect-CT-report/nullm";[\r][\n]"
2019-09-27 16:42:04 DEBUG wire:73 -  << "X-Content-Type-Options: nosniff[\r][\n]"
2019-09-27 16:42:04 DEBUG wire:73 -  << "X-XSS-Protection: 1; mode=block[\r][\n]"
2019-09-27 16:42:04 DEBUG wire:73 -  << "X-Robots-Tag: none[\r][\n]"
2019-09-27 16:42:04 DEBUG wire:73 -  << "Cache-Control: no-cache,must-revalidate,max-age=0,no-store,private[\r][\n]"
2019-09-27 16:42:04 DEBUG wire:73 -  << "Set-Cookie: BrowserId=reWx5FpRS2ezKeqWFoQWoQ;Path=/;Domain=.salesforce.com;Expires=Tue, 26-Nov-2019 23:42:04 GMT;Max-Age=5184000[\r][\n]"
2019-09-27 16:42:04 DEBUG wire:73 -  << "Expires: Thu, 01 Jan 1970 00:00:00 GMT[\r][\n]"
2019-09-27 16:42:04 DEBUG wire:73 -  << "Sforce-Limit-Info: api-usage=16/15000[\r][\n]"
2019-09-27 16:42:04 DEBUG wire:73 -  << "Location: /services/data/v45.0/sobjects/Account/0013i000008iItVAAU[\r][\n]"
2019-09-27 16:42:04 DEBUG wire:73 -  << "Content-Type: application/json;charset=UTF-8[\r][\n]"
2019-09-27 16:42:04 DEBUG wire:73 -  << "Vary: Accept-Encoding[\r][\n]"
2019-09-27 16:42:04 DEBUG wire:73 -  << "Content-Encoding: gzip[\r][\n]"
2019-09-27 16:42:04 DEBUG wire:73 -  << "Transfer-Encoding: chunked[\r][\n]"
2019-09-27 16:42:04 DEBUG wire:73 -  << "[\r][\n]"
2019-09-27 16:42:04 DEBUG DefaultClientConnection:259 - Receiving response: HTTP/1.1 201 Created
2019-09-27 16:42:04 DEBUG headers:262 - << HTTP/1.1 201 Created
2019-09-27 16:42:04 DEBUG headers:265 - << Date: Fri, 27 Sep 2019 23:42:04 GMT
2019-09-27 16:42:04 DEBUG headers:265 - << Strict-Transport-Security: max-age=31536000; includeSubDomains
2019-09-27 16:42:04 DEBUG headers:265 - << Public-Key-Pins-Report-Only: pin-sha256="9n0izTnSRF+W4W4JTq51avSXkWhQB8duS2bxVLfzXsY="; pin-sha256="5kJvNEMw0KjrCAu7eXY5HZdvyCS13BbA0VJG1RSP91w="; pin-sha256="njN4rRG+22dNXAi+yb8e3UMypgzPUPHlv4+foULwl1g="; max-age=86400; includeSubDomains; report-uri="https://a.forcesslreports.com/hpkp-report/nullm";
2019-09-27 16:42:04 DEBUG headers:265 - << Expect-CT: max-age=86400; report-uri="https://a.forcesslreports.com/Expect-CT-report/nullm";
2019-09-27 16:42:04 DEBUG headers:265 - << X-Content-Type-Options: nosniff
2019-09-27 16:42:04 DEBUG headers:265 - << X-XSS-Protection: 1; mode=block
2019-09-27 16:42:04 DEBUG headers:265 - << X-Robots-Tag: none
2019-09-27 16:42:04 DEBUG headers:265 - << Cache-Control: no-cache,must-revalidate,max-age=0,no-store,private
2019-09-27 16:42:04 DEBUG headers:265 - << Set-Cookie: BrowserId=reWx5FpRS2ezKeqWFoQWoQ;Path=/;Domain=.salesforce.com;Expires=Tue, 26-Nov-2019 23:42:04 GMT;Max-Age=5184000
2019-09-27 16:42:04 DEBUG headers:265 - << Expires: Thu, 01 Jan 1970 00:00:00 GMT
2019-09-27 16:42:04 DEBUG headers:265 - << Sforce-Limit-Info: api-usage=16/15000
2019-09-27 16:42:04 DEBUG headers:265 - << Location: /services/data/v45.0/sobjects/Account/0013i000008iItVAAU
2019-09-27 16:42:04 DEBUG headers:265 - << Content-Type: application/json;charset=UTF-8
2019-09-27 16:42:04 DEBUG headers:265 - << Vary: Accept-Encoding
2019-09-27 16:42:04 DEBUG headers:265 - << Content-Encoding: gzip
2019-09-27 16:42:04 DEBUG headers:265 - << Transfer-Encoding: chunked
2019-09-27 16:42:04 DEBUG DefaultHttpClient:504 - Connection can be kept alive indefinitely
2019-09-27 16:42:04 DEBUG RequestSpecificationImpl$RestAssuredHttpBuilder:544 - Parsing response as: application/json;charset=UTF-8
2019-09-27 16:42:04 DEBUG wire:73 -  << "A[\r][\n]"
2019-09-27 16:42:04 DEBUG wire:87 -  << "[0x1f][0x8b][0x8][0x0][0x0][0x0][0x0][0x0][0x0][0x0]"
2019-09-27 16:42:04 DEBUG wire:73 -  << "[\r][\n]"
2019-09-27 16:42:04 DEBUG wire:73 -  << "3C[\r][\n]"
2019-09-27 16:42:04 DEBUG wire:87 -  << "[0xab]V[0xca]LQ[0xb2]R2004[0xce]4[0x0][0x1][0x8b]L[0xcf][0x92]0G[0xc7]P%[0x1d][0xa5][0xe2][0xd2][0xe4][0xe4][0xd4][0xe2]b%[0xab][0x92][0xa2][0xd2]T[0x1d][0xa5][0xd4][0xa2][0xa2][0xfc]" /:[0xb6][0x16][0x0]K*5[0xdd]6[0x0][0x0][0x0]"
2019-09-27 16:42:04 DEBUG wire:73 -  << "[\r][\n]"
2019-09-27 16:42:04 DEBUG wire:73 -  << "0[\r][\n]"
2019-09-27 16:42:04 DEBUG wire:73 -  << "[\r][\n]"
2019-09-27 16:42:04 DEBUG RequestSpecificationImpl$RestAssuredHttpBuilder:547 - Parsed data to instance of: class org.apache.http.conn.EofSensorInputStream
2019-09-27 16:42:04 INFO  SmokeTestRestAssured:28 - Response Code: 201
2019-09-27 16:42:04 DEBUG BasicClientConnectionManager:200 - Releasing connection org.apache.http.impl.conn.ManagedClientConnectionImpl@7aad3f7d
2019-09-27 16:42:04 DEBUG BasicClientConnectionManager:225 - Connection can be kept alive indefinitely
2019-09-27 16:42:04 INFO  SmokeTestRestAssured:32 - Test Passed!
